2023.08.31 16:44:08 INFO  Started: Metals version 1.0.1 in folders '/Users/mattpuleri/Desktop/Freelance/portfolio' for client Visual Studio Code 1.80.0.[0m
Aug 31, 2023 4:44:08 PM org.flywaydb.core.internal.license.VersionPrinter printVersionOnly
INFO: Flyway Community Edition 9.21.2 by Redgate
Aug 31, 2023 4:44:08 PM org.flywaydb.core.internal.license.VersionPrinter printVersion
INFO: See release notes here: https://rd.gt/416ObMi
Aug 31, 2023 4:44:08 PM org.flywaydb.core.internal.license.VersionPrinter printVersion
INFO: 
Aug 31, 2023 4:44:08 PM org.flywaydb.core.FlywayExecutor execute
INFO: Database: jdbc:h2:file:/Users/mattpuleri/Desktop/Freelance/portfolio/.metals/metals (H2 2.1)
Aug 31, 2023 4:44:08 PM org.flywaydb.core.internal.schemahistory.JdbcTableSchemaHistory allAppliedMigrations
INFO: Schema history table "PUBLIC"."flyway_schema_history" does not exist yet
Aug 31, 2023 4:44:08 PM org.flywaydb.core.internal.command.DbValidate validate
INFO: Successfully validated 4 migrations (execution time 00:00.022s)
Aug 31, 2023 4:44:08 PM org.flywaydb.core.internal.schemahistory.JdbcTableSchemaHistory create
INFO: Creating Schema History table "PUBLIC"."flyway_schema_history" ...
Aug 31, 2023 4:44:08 PM org.flywaydb.core.internal.command.DbMigrate migrateGroup
INFO: Current version of schema "PUBLIC": << Empty Schema >>
Aug 31, 2023 4:44:08 PM org.flywaydb.core.internal.command.DbMigrate doMigrateGroup
INFO: Migrating schema "PUBLIC" to version "1 - Create tables"
Aug 31, 2023 4:44:09 PM org.flywaydb.core.internal.command.DbMigrate doMigrateGroup
INFO: Migrating schema "PUBLIC" to version "2 - Server discovery"
Aug 31, 2023 4:44:09 PM org.flywaydb.core.internal.command.DbMigrate doMigrateGroup
INFO: Migrating schema "PUBLIC" to version "3 - Jar symbols"
Aug 31, 2023 4:44:09 PM org.flywaydb.core.internal.command.DbMigrate doMigrateGroup
INFO: Migrating schema "PUBLIC" to version "4 - Fingerprints"
Aug 31, 2023 4:44:09 PM org.flywaydb.core.internal.command.DbMigrate logSummary
INFO: Successfully applied 4 migrations to schema "PUBLIC", now at version v4 (execution time 00:00.027s)
2023.08.31 16:44:09 INFO  time: initialize in 0.83s[0m
2023.08.31 16:44:14 WARN  Build server is not auto-connectable.[0m
2023.08.31 16:44:14 WARN  no build tool detected in workspace '/Users/mattpuleri/Desktop/Freelance/portfolio'. The most common cause for this problem is that the editor was opened in the wrong working directory, for example if you use sbt then the workspace directory should contain build.sbt. [0m
Aug 31, 2023 7:00:43 PM org.eclipse.lsp4j.jsonrpc.services.GenericEndpoint notify
INFO: Unsupported notification method: $/setTrace
